[debug] [2022-05-07T05:58:14.591Z] ----------------------------------------------------------------------
[debug] [2022-05-07T05:58:14.593Z] Command:       C:\Program Files\nodejs\node.exe C:\Users\Mohit\AppData\Roaming\npm\node_modules\firebase-tools\lib\bin\firebase.js init
[debug] [2022-05-07T05:58:14.594Z] CLI Version:   10.8.0
[debug] [2022-05-07T05:58:14.594Z] Platform:      win32
[debug] [2022-05-07T05:58:14.594Z] Node Version:  v16.15.0
[debug] [2022-05-07T05:58:14.595Z] Time:          Sat May 07 2022 11:28:14 GMT+0530 (India Standard Time)
[debug] [2022-05-07T05:58:14.595Z] ----------------------------------------------------------------------
[debug] 
[debug] [2022-05-07T05:58:14.676Z] > command requires scopes: ["email","openid","https://www.googleapis.com/auth/cloudplatformprojects.readonly","https://www.googleapis.com/auth/firebase","https://www.googleapis.com/auth/cloud-platform"]
[debug] [2022-05-07T05:58:14.676Z] > authorizing via signed-in user (rassu18@gmail.com)
[info] 
     ######## #### ########  ######## ########     ###     ######  ########
     ##        ##  ##     ## ##       ##     ##  ##   ##  ##       ##
     ######    ##  ########  ######   ########  #########  ######  ######
     ##        ##  ##    ##  ##       ##     ## ##     ##       ## ##
     ##       #### ##     ## ######## ########  ##     ##  ######  ########

You're about to initialize a Firebase project in this directory:

  C:\Users\Mohit\firstest

Before we get started, keep in mind:

  * You are initializing within an existing Firebase project directory

[info] 
=== Project Setup
[info] 
[info] First, let's associate this project directory with a Firebase project.
[info] You can create multiple project aliases by running firebase use --add, 
[info] but for now we'll just set up a default project.
[info] 
[debug] [2022-05-07T05:58:36.439Z] Using project from CLI flag: thinking-cacao-168611
[debug] [2022-05-07T05:58:36.442Z] >>> [apiv2][query] GET https://firebase.googleapis.com/v1beta1/projects/thinking-cacao-168611 [none]
[debug] [2022-05-07T05:58:37.051Z] <<< [apiv2][status] GET https://firebase.googleapis.com/v1beta1/projects/thinking-cacao-168611 200
[debug] [2022-05-07T05:58:37.052Z] <<< [apiv2][body] GET https://firebase.googleapis.com/v1beta1/projects/thinking-cacao-168611 {"projectId":"thinking-cacao-168611","projectNumber":"85663742946","displayName":"My Project","name":"projects/thinking-cacao-168611","resources":{"hostingSite":"thinking-cacao-168611"},"state":"ACTIVE"}
[info] i  Using project thinking-cacao-168611 (My Project) 
[info] 
=== Database Setup
[info] i  database: ensuring required API firebasedatabase.googleapis.com is enabled... 
[debug] [2022-05-07T05:58:37.126Z] >>> [apiv2][query] GET https://serviceusage.googleapis.com/v1/projects/thinking-cacao-168611/services/firebasedatabase.googleapis.com [none]
[debug] [2022-05-07T05:58:39.311Z] <<< [apiv2][status] GET https://serviceusage.googleapis.com/v1/projects/thinking-cacao-168611/services/firebasedatabase.googleapis.com 200
[debug] [2022-05-07T05:58:39.312Z] <<< [apiv2][body] GET https://serviceusage.googleapis.com/v1/projects/thinking-cacao-168611/services/firebasedatabase.googleapis.com [omitted]
[warn] !  database: missing required API firebasedatabase.googleapis.com. Enabling now... 
[debug] [2022-05-07T05:58:39.315Z] >>> [apiv2][query] POST https://serviceusage.googleapis.com/v1/projects/thinking-cacao-168611/services/firebasedatabase.googleapis.com:enable [none]
[debug] [2022-05-07T05:58:41.229Z] <<< [apiv2][status] POST https://serviceusage.googleapis.com/v1/projects/thinking-cacao-168611/services/firebasedatabase.googleapis.com:enable 200
[debug] [2022-05-07T05:58:41.230Z] <<< [apiv2][body] POST https://serviceusage.googleapis.com/v1/projects/thinking-cacao-168611/services/firebasedatabase.googleapis.com:enable [omitted]
[debug] [2022-05-07T05:58:51.245Z] >>> [apiv2][query] GET https://serviceusage.googleapis.com/v1/projects/thinking-cacao-168611/services/firebasedatabase.googleapis.com [none]
[debug] [2022-05-07T05:58:52.948Z] <<< [apiv2][status] GET https://serviceusage.googleapis.com/v1/projects/thinking-cacao-168611/services/firebasedatabase.googleapis.com 200
[debug] [2022-05-07T05:58:52.948Z] <<< [apiv2][body] GET https://serviceusage.googleapis.com/v1/projects/thinking-cacao-168611/services/firebasedatabase.googleapis.com [omitted]
[info] +  database: required API firebasedatabase.googleapis.com is enabled 
[info] 
[debug] [2022-05-07T05:58:52.960Z] >>> [apiv2][query] GET https://firebase.googleapis.com/v1beta1/projects/thinking-cacao-168611 [none]
[debug] [2022-05-07T05:58:53.697Z] <<< [apiv2][status] GET https://firebase.googleapis.com/v1beta1/projects/thinking-cacao-168611 200
[debug] [2022-05-07T05:58:53.697Z] <<< [apiv2][body] GET https://firebase.googleapis.com/v1beta1/projects/thinking-cacao-168611 {"projectId":"thinking-cacao-168611","projectNumber":"85663742946","displayName":"My Project","name":"projects/thinking-cacao-168611","resources":{"hostingSite":"thinking-cacao-168611"},"state":"ACTIVE"}
